TN:
SF:src/components/ui/Alert.tsx
FN:44,Alert
FNF:1
FNH:1
FNDA:2,Alert
DA:17,1
DA:45,2
DA:47,2
LF:3
LH:3
BRDA:44,0,0,2
BRDA:59,1,0,2
BRDA:59,1,1,1
BRDA:60,2,0,1
BRDA:60,2,1,1
BRF:5
BRH:5
end_of_record
TN:
SF:src/components/ui/AppErrorFallback.tsx
FN:6,AppErrorFallback
FN:29,(anonymous_1)
FNF:2
FNH:1
FNDA:2,AppErrorFallback
FNDA:0,(anonymous_1)
DA:7,2
DA:29,0
LF:2
LH:1
BRDA:22,0,0,1
BRDA:22,0,1,1
BRF:2
BRH:2
end_of_record
TN:
SF:src/components/ui/Badge.tsx
FN:31,Badge
FN:42,getSessionTypeVariant
FNF:2
FNH:2
FNDA:1,Badge
FNDA:6,getSessionTypeVariant
DA:19,1
DA:32,1
DA:39,1
DA:45,6
DA:46,6
DA:48,1
DA:50,1
DA:52,1
DA:54,1
DA:56,2
LF:10
LH:10
BRDA:31,0,0,1
BRDA:45,1,0,6
BRDA:45,1,1,1
BRDA:46,2,0,1
BRDA:46,2,1,1
BRDA:46,2,2,1
BRDA:46,2,3,1
BRDA:46,2,4,2
BRF:8
BRH:8
end_of_record
TN:
SF:src/components/ui/Button.tsx
FN:11,(anonymous_0)
FNF:1
FNH:1
FNDA:17,(anonymous_0)
DA:11,6
DA:13,17
DA:45,6
LF:3
LH:3
BRDA:12,0,0,17
BRDA:12,1,0,17
BRF:2
BRH:2
end_of_record
TN:
SF:src/components/ui/Card.tsx
FN:9,(anonymous_0)
FN:31,(anonymous_1)
FNF:2
FNH:2
FNDA:6,(anonymous_0)
FNDA:2,(anonymous_1)
DA:9,4
DA:11,6
DA:29,4
DA:31,4
DA:35,2
DA:46,4
LF:6
LH:6
BRDA:10,0,0,6
BRF:1
BRH:1
end_of_record
TN:
SF:src/components/ui/Checkbox.tsx
FN:20,Checkbox
FNF:1
FNH:1
FNDA:2,Checkbox
DA:28,2
LF:1
LH:1
BRDA:42,0,0,2
BRDA:42,0,1,1
BRDA:44,1,0,2
BRDA:44,1,1,0
BRDA:44,1,2,2
BRDA:46,2,0,2
BRDA:46,2,1,2
BRDA:47,3,0,2
BRDA:47,3,1,1
BRF:9
BRH:8
end_of_record
TN:
SF:src/components/ui/ConfirmModal.tsx
FN:16,ConfirmModal
FNF:1
FNH:1
FNDA:2,ConfirmModal
DA:27,2
LF:1
LH:1
BRDA:20,0,0,2
BRDA:22,1,0,2
BRDA:25,2,0,2
BRDA:38,3,0,1
BRDA:38,3,1,1
BRDA:42,4,0,1
BRDA:42,4,1,1
BRDA:43,5,0,1
BRDA:43,5,1,1
BRF:9
BRH:9
end_of_record
TN:
SF:src/components/ui/ConnectionStatus.tsx
FN:12,ConnectionStatus
FNF:1
FNH:1
FNDA:2,ConnectionStatus
DA:18,2
LF:1
LH:1
BRDA:14,0,0,2
BRDA:15,1,0,2
BRDA:22,2,0,1
BRDA:22,2,1,1
BRDA:26,3,0,1
BRDA:26,3,1,1
BRDA:27,4,0,1
BRDA:27,4,1,1
BRF:8
BRH:8
end_of_record
TN:
SF:src/components/ui/Dropdown.tsx
FN:24,Dropdown
FN:68,(anonymous_1)
FNF:2
FNH:2
FNDA:2,Dropdown
FNDA:3,(anonymous_1)
DA:33,2
DA:40,2
DA:45,2
DA:69,3
LF:4
LH:4
BRDA:27,0,0,2
BRDA:29,1,0,2
BRDA:30,2,0,2
BRDA:31,3,0,2
BRDA:58,4,0,2
BRDA:58,4,1,2
BRDA:64,5,0,2
BRDA:64,5,1,0
BRDA:67,6,0,2
BRDA:67,6,1,1
BRDA:77,7,0,1
BRDA:77,7,1,2
BRF:12
BRH:11
end_of_record
TN:
SF:src/components/ui/EmptyState.tsx
FN:8,EmptyState
FNF:1
FNH:1
FNDA:2,EmptyState
DA:9,2
LF:1
LH:1
BRDA:8,0,0,2
BRF:1
BRH:1
end_of_record
TN:
SF:src/components/ui/ExpandableCard.tsx
FN:13,ExpandableCard
FN:39,ReadOnlyField
FNF:2
FNH:2
FNDA:1,ExpandableCard
FNDA:2,ReadOnlyField
DA:19,1
DA:46,2
LF:2
LH:2
BRDA:17,0,0,1
BRDA:50,1,0,1
BRDA:50,1,1,1
BRDA:50,2,0,2
BRDA:50,2,1,1
BRF:5
BRH:5
end_of_record
TN:
SF:src/components/ui/FilterButtonGroup.tsx
FN:15,FilterButtonGroup
FN:23,(anonymous_1)
FN:28,(anonymous_2)
FNF:3
FNH:3
FNDA:1,FilterButtonGroup
FNDA:2,(anonymous_1)
FNDA:1,(anonymous_2)
DA:21,1
DA:24,2
DA:28,1
LF:3
LH:3
BRDA:22,0,0,1
BRDA:22,0,1,0
BRDA:26,1,0,1
BRDA:26,1,1,1
BRF:4
BRH:3
end_of_record
TN:
SF:src/components/ui/Input.tsx
FN:13,(anonymous_0)
FNF:1
FNH:1
FNDA:1,(anonymous_0)
DA:13,1
DA:15,1
DA:46,1
LF:3
LH:3
BRDA:17,0,0,1
BRDA:17,0,1,1
BRDA:22,1,0,1
BRDA:22,1,1,1
BRDA:35,2,0,1
BRDA:35,2,1,1
BRDA:40,3,0,1
BRDA:40,3,1,1
BRF:8
BRH:8
end_of_record
TN:
SF:src/components/ui/LoadingState.tsx
FN:22,LoadingState
FNF:1
FNH:1
FNDA:1,LoadingState
DA:8,1
DA:15,1
DA:23,1
LF:3
LH:3
BRDA:22,0,0,1
BRDA:29,1,0,1
BRDA:29,1,1,1
BRF:3
BRH:3
end_of_record
TN:
SF:src/components/ui/MetricCard.tsx
FN:30,MetricCard
FN:40,(anonymous_1)
FNF:2
FNH:2
FNDA:2,MetricCard
FNDA:2,(anonymous_1)
DA:14,1
DA:22,1
DA:40,2
DA:41,2
DA:42,1
DA:43,1
DA:44,1
DA:47,2
DA:49,2
LF:9
LH:9
BRDA:35,0,0,2
BRDA:36,1,0,2
BRDA:37,2,0,2
BRDA:41,3,0,1
BRDA:41,3,1,1
BRDA:42,4,0,0
BRDA:42,4,1,1
BRDA:43,5,0,0
BRDA:43,5,1,1
BRDA:47,6,0,0
BRDA:47,6,1,2
BRDA:52,7,0,2
BRDA:52,7,1,1
BRDA:61,8,0,1
BRDA:61,8,1,1
BRDA:62,9,0,2
BRDA:62,9,1,0
BRDA:65,10,0,1
BRDA:65,10,1,1
BRDA:74,11,0,2
BRDA:74,11,1,2
BRDA:74,11,2,1
BRDA:80,12,0,2
BRDA:80,12,1,2
BRF:24
BRH:20
end_of_record
TN:
SF:src/components/ui/Modal.tsx
FN:25,Modal
FNF:1
FNH:1
FNDA:4,Modal
DA:16,2
DA:26,4
LF:2
LH:2
BRDA:25,0,0,4
BRDA:44,1,0,4
BRDA:44,1,1,3
BRF:3
BRH:3
end_of_record
TN:
SF:src/components/ui/PageState.tsx
FN:13,PageState
FNF:1
FNH:1
FNDA:4,PageState
DA:22,4
DA:23,1
DA:26,3
DA:27,1
DA:30,2
DA:31,1
DA:34,1
LF:7
LH:7
BRDA:14,0,0,4
BRDA:18,1,0,4
BRDA:22,2,0,1
BRDA:22,2,1,3
BRDA:23,3,0,1
BRDA:23,3,1,0
BRDA:26,4,0,1
BRDA:26,4,1,2
BRDA:27,5,0,1
BRDA:27,5,1,0
BRDA:30,6,0,1
BRDA:30,6,1,1
BRDA:31,7,0,1
BRDA:31,7,1,0
BRF:14
BRH:11
end_of_record
TN:
SF:src/components/ui/ProgressBar.tsx
FN:25,ProgressBar
FN:54,getProgressColor
FNF:2
FNH:2
FNDA:1,ProgressBar
FNDA:5,getProgressColor
DA:11,1
DA:20,1
DA:31,1
DA:33,1
DA:57,5
DA:58,4
DA:59,2
DA:60,1
LF:8
LH:8
BRDA:28,0,0,1
BRDA:31,1,0,1
BRDA:31,1,1,0
BRDA:57,2,0,1
BRDA:57,2,1,4
BRDA:58,3,0,2
BRDA:58,3,1,2
BRDA:59,4,0,1
BRDA:59,4,1,1
BRF:9
BRH:8
end_of_record
TN:
SF:src/components/ui/RefreshButton.tsx
FN:14,RefreshButton
FNF:1
FNH:1
FNDA:2,RefreshButton
DA:22,2
LF:1
LH:1
BRDA:16,0,0,2
BRDA:17,1,0,2
BRDA:18,2,0,2
BRDA:19,3,0,2
BRDA:20,4,0,2
BRDA:27,5,0,2
BRDA:27,5,1,2
BRDA:30,6,0,1
BRDA:30,6,1,1
BRDA:31,7,0,1
BRDA:31,7,1,1
BRF:11
BRH:11
end_of_record
TN:
SF:src/components/ui/SearchInput.tsx
FN:9,SearchInput
FN:21,(anonymous_1)
FNF:2
FNH:2
FNDA:1,SearchInput
FNDA:4,(anonymous_1)
DA:14,1
DA:21,4
LF:2
LH:2
BRDA:12,0,0,1
BRF:1
BRH:1
end_of_record
TN:
SF:src/components/ui/Select.tsx
FN:23,Select
FN:33,(anonymous_1)
FN:61,(anonymous_2)
FN:64,(anonymous_3)
FNF:4
FNH:4
FNDA:2,Select
FNDA:3,(anonymous_1)
FNDA:4,(anonymous_2)
FNDA:1,(anonymous_3)
DA:33,3
DA:35,2
DA:62,4
DA:64,1
LF:4
LH:4
BRDA:27,0,0,2
BRDA:30,1,0,2
BRDA:38,2,0,2
BRDA:38,2,1,0
BRDA:48,3,0,2
BRDA:48,3,1,0
BRDA:50,4,0,2
BRDA:50,4,1,1
BRDA:58,5,0,2
BRDA:58,5,1,2
BRDA:68,6,0,4
BRDA:68,6,1,1
BRDA:72,7,0,4
BRDA:72,7,1,2
BRF:14
BRH:12
end_of_record
TN:
SF:src/components/ui/Switch.tsx
FN:14,Switch
FNF:1
FNH:1
FNDA:2,Switch
DA:22,2
LF:1
LH:1
BRDA:23,0,0,2
BRDA:23,0,1,0
BRDA:23,0,2,2
BRDA:29,1,0,2
BRDA:29,1,1,2
BRDA:34,2,0,2
BRDA:34,2,1,1
BRDA:47,3,0,1
BRDA:47,3,1,1
BRDA:48,4,0,1
BRDA:48,4,1,1
BRDA:55,5,0,1
BRDA:55,5,1,1
BRF:13
BRH:12
end_of_record
TN:
SF:src/components/ui/Textarea.tsx
FN:14,(anonymous_0)
FNF:1
FNH:1
FNDA:2,(anonymous_0)
DA:14,1
DA:16,2
DA:53,1
LF:3
LH:3
BRDA:15,0,0,2
BRDA:17,1,0,2
BRDA:17,1,1,1
BRDA:18,2,0,2
BRDA:18,2,1,2
BRDA:23,3,0,2
BRDA:23,3,1,1
BRDA:31,4,0,2
BRDA:31,4,1,1
BRDA:37,5,0,2
BRDA:37,5,1,1
BRDA:42,6,0,2
BRDA:42,6,1,1
BRDA:47,7,0,2
BRDA:47,7,1,1
BRF:15
BRH:15
end_of_record
TN:
SF:src/hooks/index.ts
FNF:0
FNH:0
LF:0
LH:0
BRF:0
BRH:0
end_of_record
TN:
SF:src/hooks/useAgents.ts
FN:36,useAgentsStatus
FN:39,(anonymous_1)
FN:45,useAgentsConfig
FN:48,(anonymous_3)
FN:53,useAgentTaskHistory
FN:56,(anonymous_5)
FN:63,useAgentStatus
FN:66,(anonymous_7)
FNF:8
FNH:8
FNDA:2,useAgentsStatus
FNDA:1,(anonymous_1)
FNDA:2,useAgentsConfig
FNDA:1,(anonymous_3)
FNDA:2,useAgentTaskHistory
FNDA:1,(anonymous_5)
FNDA:2,useAgentStatus
FNDA:1,(anonymous_7)
DA:37,2
DA:39,1
DA:46,2
DA:48,1
DA:54,2
DA:56,1
DA:64,2
DA:66,1
LF:8
LH:8
BRDA:53,0,0,2
BRF:1
BRH:1
end_of_record
TN:
SF:src/hooks/useApi.ts
FN:6,(anonymous_0)
FN:12,handleUnauthorized
FN:17,apiFetch
FN:35,(anonymous_3)
FN:42,apiPost
FN:49,apiPut
FN:56,apiDelete
FNF:7
FNH:6
FNDA:1,(anonymous_0)
FNDA:1,handleUnauthorized
FNDA:116,apiFetch
FNDA:0,(anonymous_3)
FNDA:39,apiPost
FNDA:5,apiPut
FNDA:8,apiDelete
DA:3,25
DA:7,1
DA:8,1
DA:13,1
DA:14,1
DA:18,116
DA:23,116
DA:29,116
DA:30,1
DA:31,1
DA:34,115
DA:35,1
DA:36,1
DA:39,114
DA:43,39
DA:50,5
DA:57,8
LF:17
LH:17
BRDA:29,0,0,1
BRDA:29,0,1,115
BRDA:34,1,0,1
BRDA:34,1,1,114
BRDA:36,2,0,1
BRDA:36,2,1,0
BRDA:45,3,0,23
BRDA:45,3,1,16
BRF:8
BRH:7
end_of_record
TN:
SF:src/hooks/useBackups.ts
FN:23,(anonymous_0)
FN:24,(anonymous_1)
FN:27,useKopiaBackup
FN:30,(anonymous_3)
FN:31,(anonymous_4)
FN:39,useWalgBackup
FN:42,(anonymous_6)
FN:43,(anonymous_7)
FN:51,useRunKopiaBackup
FN:55,(anonymous_9)
FN:56,(anonymous_10)
FN:68,useRunWalgBackup
FN:72,(anonymous_12)
FN:73,(anonymous_13)
FNF:14
FNH:14
FNDA:4,(anonymous_0)
FNDA:4,(anonymous_1)
FNDA:2,useKopiaBackup
FNDA:1,(anonymous_3)
FNDA:6,(anonymous_4)
FNDA:2,useWalgBackup
FNDA:1,(anonymous_6)
FNDA:6,(anonymous_7)
FNDA:1,useRunKopiaBackup
FNDA:1,(anonymous_9)
FNDA:1,(anonymous_10)
FNDA:1,useRunWalgBackup
FNDA:1,(anonymous_12)
FNDA:1,(anonymous_13)
DA:21,1
DA:23,4
DA:24,4
DA:28,2
DA:30,1
DA:32,6
DA:33,6
DA:40,2
DA:42,1
DA:44,6
DA:45,6
DA:52,1
DA:54,1
DA:55,1
DA:57,1
DA:69,1
DA:71,1
DA:72,1
DA:74,1
LF:19
LH:19
BRDA:33,0,0,0
BRDA:33,0,1,6
BRDA:45,1,0,2
BRDA:45,1,1,4
BRF:4
BRH:3
end_of_record
TN:
SF:src/hooks/useCache.ts
FN:27,(anonymous_0)
FN:28,(anonymous_1)
FN:31,useCacheHeartbeat
FN:34,(anonymous_3)
FN:40,useCacheEntry
FN:43,(anonymous_5)
FN:49,useRefreshCacheEntry
FN:53,(anonymous_7)
FN:56,(anonymous_8)
FN:60,(anonymous_9)
FN:69,(anonymous_10)
FN:72,(anonymous_11)
FN:77,(anonymous_12)
FN:80,(anonymous_13)
FNF:14
FNH:14
FNDA:7,(anonymous_0)
FNDA:28,(anonymous_1)
FNDA:2,useCacheHeartbeat
FNDA:1,(anonymous_3)
FNDA:18,useCacheEntry
FNDA:11,(anonymous_5)
FNDA:1,useRefreshCacheEntry
FNDA:1,(anonymous_7)
FNDA:2,(anonymous_8)
FNDA:2,(anonymous_9)
FNDA:1,(anonymous_10)
FNDA:2,(anonymous_11)
FNDA:2,(anonymous_12)
FNDA:2,(anonymous_13)
DA:25,5
DA:27,7
DA:28,28
DA:32,2
DA:34,1
DA:41,18
DA:43,11
DA:50,1
DA:52,1
DA:54,1
DA:56,2
DA:59,1
DA:60,2
DA:67,1
DA:70,1
DA:72,2
DA:75,1
DA:78,2
DA:80,2
LF:19
LH:19
BRDA:31,0,0,2
BRDA:40,1,0,18
BRDA:80,2,0,1
BRDA:80,2,1,0
BRF:4
BRH:3
end_of_record
TN:
SF:src/hooks/useConfig.ts
FN:124,(anonymous_0)
FN:125,(anonymous_1)
FN:129,fetchConfig
FN:133,fetchSkills
FN:138,updateConfig
FN:142,toggleSkill
FN:146,restartGateway
FN:150,createBackup
FN:161,useConfig
FN:169,useSkills
FN:177,useUpdateConfig
FN:182,(anonymous_11)
FN:188,useToggleSkill
FN:192,(anonymous_13)
FN:194,(anonymous_14)
FN:200,useRestartGateway
FN:206,useCreateBackup
FNF:17
FNH:17
FNDA:2,(anonymous_0)
FNDA:2,(anonymous_1)
FNDA:1,fetchConfig
FNDA:1,fetchSkills
FNDA:1,updateConfig
FNDA:1,toggleSkill
FNDA:1,restartGateway
FNDA:1,createBackup
FNDA:2,useConfig
FNDA:2,useSkills
FNDA:1,useUpdateConfig
FNDA:1,(anonymous_11)
FNDA:2,useToggleSkill
FNDA:1,(anonymous_13)
FNDA:1,(anonymous_14)
FNDA:2,useRestartGateway
FNDA:1,useCreateBackup
DA:123,1
DA:124,2
DA:125,2
DA:130,1
DA:134,1
DA:135,1
DA:139,1
DA:143,1
DA:147,1
DA:155,1
DA:162,2
DA:170,2
DA:178,1
DA:180,1
DA:183,1
DA:189,2
DA:191,2
DA:193,1
DA:195,1
DA:201,2
DA:207,1
LF:21
LH:21
BRF:0
BRH:0
end_of_record
TN:
SF:src/hooks/useCron.ts
FN:22,(anonymous_0)
FN:25,useCronJobs
FN:28,(anonymous_2)
FN:29,(anonymous_3)
FN:34,useToggleCronJob
FN:38,(anonymous_5)
FN:40,(anonymous_6)
FN:46,useUpdateCronJob
FN:50,(anonymous_8)
FN:52,(anonymous_9)
FN:58,useRunCronJobNow
FN:62,(anonymous_11)
FN:64,(anonymous_12)
FNF:13
FNH:13
FNDA:6,(anonymous_0)
FNDA:2,useCronJobs
FNDA:1,(anonymous_2)
FNDA:2,(anonymous_3)
FNDA:1,useToggleCronJob
FNDA:1,(anonymous_5)
FNDA:1,(anonymous_6)
FNDA:1,useUpdateCronJob
FNDA:1,(anonymous_8)
FNDA:1,(anonymous_9)
FNDA:1,useRunCronJobNow
FNDA:1,(anonymous_11)
FNDA:1,(anonymous_12)
DA:20,1
DA:22,6
DA:26,2
DA:28,1
DA:29,2
DA:35,1
DA:37,1
DA:38,1
DA:41,1
DA:47,1
DA:49,1
DA:50,1
DA:53,1
DA:59,1
DA:61,1
DA:62,1
DA:65,1
LF:17
LH:17
BRF:0
BRH:0
end_of_record
TN:
SF:src/hooks/useDatabase.ts
FN:78,useDatabaseOverview
FN:81,(anonymous_1)
FNF:2
FNH:2
FNDA:2,useDatabaseOverview
FNDA:1,(anonymous_1)
DA:79,2
DA:81,1
LF:2
LH:2
BRF:0
BRH:0
end_of_record
TN:
SF:src/hooks/useDocker.ts
FN:176,(anonymous_0)
FN:177,(anonymous_1)
FN:181,(anonymous_2)
FN:183,(anonymous_3)
FN:186,fetchContainers
FN:191,fetchContainer
FN:197,fetchContainerLogs
FN:204,fetchImages
FN:209,fetchVolumes
FN:214,fetchDockerExecJob
FN:218,fetchDockerUpdaterServices
FN:227,fetchDockerUpdaterEvents
FN:234,useDockerContainers
FN:245,useDockerContainer
FN:248,(anonymous_14)
FN:254,useDockerContainerLogs
FN:261,(anonymous_16)
FN:267,useDockerImages
FN:278,useDockerVolumes
FN:289,useDockerExecJob
FN:292,(anonymous_20)
FN:294,(anonymous_21)
FN:301,useDockerUpdaterServices
FN:311,useDockerUpdaterEvents
FN:314,(anonymous_24)
FN:321,useDockerAction
FN:325,(anonymous_26)
FN:332,(anonymous_27)
FN:342,useDockerManualUpdate
FN:346,(anonymous_29)
FN:350,(anonymous_30)
FN:364,useRunDockerUpdater
FN:368,(anonymous_32)
FN:369,(anonymous_33)
FN:383,useDeleteDockerImage
FN:387,(anonymous_35)
FN:391,(anonymous_36)
FN:397,useDeleteDockerVolume
FN:401,(anonymous_38)
FN:405,(anonymous_39)
FN:411,useDockerPrune
FN:415,(anonymous_41)
FN:417,(anonymous_42)
FN:429,startDockerExec
FN:433,stopDockerExec
FNF:45
FNH:45
FNDA:3,(anonymous_0)
FNDA:3,(anonymous_1)
FNDA:3,(anonymous_2)
FNDA:2,(anonymous_3)
FNDA:1,fetchContainers
FNDA:1,fetchContainer
FNDA:1,fetchContainerLogs
FNDA:1,fetchImages
FNDA:1,fetchVolumes
FNDA:1,fetchDockerExecJob
FNDA:1,fetchDockerUpdaterServices
FNDA:1,fetchDockerUpdaterEvents
FNDA:2,useDockerContainers
FNDA:3,useDockerContainer
FNDA:1,(anonymous_14)
FNDA:3,useDockerContainerLogs
FNDA:1,(anonymous_16)
FNDA:2,useDockerImages
FNDA:2,useDockerVolumes
FNDA:3,useDockerExecJob
FNDA:1,(anonymous_20)
FNDA:9,(anonymous_21)
FNDA:2,useDockerUpdaterServices
FNDA:2,useDockerUpdaterEvents
FNDA:1,(anonymous_24)
FNDA:1,useDockerAction
FNDA:1,(anonymous_26)
FNDA:1,(anonymous_27)
FNDA:1,useDockerManualUpdate
FNDA:1,(anonymous_29)
FNDA:1,(anonymous_30)
FNDA:1,useRunDockerUpdater
FNDA:1,(anonymous_32)
FNDA:1,(anonymous_33)
FNDA:1,useDeleteDockerImage
FNDA:1,(anonymous_35)
FNDA:1,(anonymous_36)
FNDA:1,useDeleteDockerVolume
FNDA:1,(anonymous_38)
FNDA:1,(anonymous_39)
FNDA:1,useDockerPrune
FNDA:1,(anonymous_41)
FNDA:1,(anonymous_42)
FNDA:1,startDockerExec
FNDA:1,stopDockerExec
DA:174,1
DA:176,3
DA:178,3
DA:181,3
DA:183,2
DA:187,1
DA:188,1
DA:192,1
DA:198,1
DA:201,1
DA:205,1
DA:206,1
DA:210,1
DA:211,1
DA:215,1
DA:222,1
DA:228,1
DA:231,1
DA:235,2
DA:246,3
DA:248,1
DA:259,3
DA:261,1
DA:268,2
DA:279,2
DA:290,3
DA:292,1
DA:295,9
DA:296,9
DA:302,2
DA:312,2
DA:314,1
DA:322,1
DA:324,1
DA:325,1
DA:333,1
DA:343,1
DA:345,1
DA:346,1
DA:351,1
DA:365,1
DA:367,1
DA:368,1
DA:370,1
DA:384,1
DA:386,1
DA:387,1
DA:392,1
DA:398,1
DA:400,1
DA:401,1
DA:406,1
DA:412,1
DA:414,1
DA:415,1
DA:418,1
DA:419,1
DA:421,1
DA:422,0
DA:424,1
DA:430,1
DA:434,1
LF:62
LH:61
BRDA:188,0,0,1
BRDA:188,0,1,0
BRDA:201,1,0,1
BRDA:201,1,1,0
BRDA:206,2,0,1
BRDA:206,2,1,0
BRDA:211,3,0,1
BRDA:211,3,1,0
BRDA:231,4,0,1
BRDA:231,4,1,0
BRDA:247,5,0,3
BRDA:247,5,1,1
BRDA:257,6,0,3
BRDA:260,7,0,3
BRDA:260,7,1,1
BRDA:262,8,0,3
BRDA:262,8,1,3
BRDA:296,9,0,2
BRDA:296,9,1,7
BRDA:311,10,0,2
BRDA:418,11,0,1
BRDA:418,11,1,0
BRDA:421,12,0,0
BRDA:421,12,1,1
BRF:24
BRH:17
end_of_record
TN:
SF:src/hooks/useFileExplorerState.ts
FN:12,useFileExplorerState
FN:37,(anonymous_1)
FN:43,(anonymous_2)
FN:55,(anonymous_3)
FN:58,(anonymous_4)
FN:66,(anonymous_5)
FN:68,(anonymous_6)
FN:84,(anonymous_7)
FN:91,(anonymous_8)
FN:92,(anonymous_9)
FN:98,(anonymous_10)
FN:105,(anonymous_11)
FN:111,(anonymous_12)
FN:123,(anonymous_13)
FN:143,(anonymous_14)
FNF:15
FNH:7
FNDA:23,useFileExplorerState
FNDA:8,(anonymous_1)
FNDA:7,(anonymous_2)
FNDA:0,(anonymous_3)
FNDA:0,(anonymous_4)
FNDA:0,(anonymous_5)
FNDA:0,(anonymous_6)
FNDA:0,(anonymous_7)
FNDA:0,(anonymous_8)
FNDA:0,(anonymous_9)
FNDA:0,(anonymous_10)
FNDA:3,(anonymous_11)
FNDA:2,(anonymous_12)
FNDA:2,(anonymous_13)
FNDA:1,(anonymous_14)
DA:10,1
DA:13,23
DA:14,23
DA:15,23
DA:16,23
DA:17,23
DA:18,23
DA:19,23
DA:20,23
DA:21,23
DA:22,23
DA:24,23
DA:28,23
DA:33,23
DA:35,23
DA:37,23
DA:38,8
DA:39,1
DA:43,23
DA:44,7
DA:45,3
DA:46,3
DA:47,3
DA:48,3
DA:49,3
DA:50,3
DA:51,3
DA:55,23
DA:56,0
DA:57,0
DA:58,0
DA:59,0
DA:60,0
DA:61,0
DA:63,0
DA:66,0
DA:68,0
DA:69,0
DA:70,0
DA:71,0
DA:72,0
DA:73,0
DA:76,0
DA:79,0
DA:80,0
DA:81,0
DA:82,0
DA:84,0
DA:90,0
DA:91,0
DA:92,0
DA:93,0
DA:94,0
DA:95,0
DA:98,0
DA:100,0
DA:105,23
DA:106,3
DA:107,3
DA:108,3
DA:111,23
DA:112,2
DA:113,2
DA:116,23
DA:118,23
DA:119,23
DA:123,23
DA:124,2
DA:126,2
DA:127,1
DA:128,1
DA:131,1
DA:132,1
DA:136,1
DA:137,1
DA:139,0
DA:143,23
DA:144,1
DA:145,1
DA:146,0
DA:150,23
LF:81
LH:51
BRDA:26,0,0,23
BRDA:38,1,0,1
BRDA:38,1,1,7
BRDA:44,2,0,3
BRDA:44,2,1,4
BRDA:45,3,0,3
BRDA:45,3,1,0
BRDA:57,4,0,0
BRDA:57,4,1,0
BRDA:70,5,0,0
BRDA:70,5,1,0
BRDA:71,6,0,0
BRDA:71,6,1,0
BRDA:73,7,0,0
BRDA:73,7,1,0
BRDA:80,8,0,0
BRDA:80,8,1,0
BRDA:80,9,0,0
BRDA:80,9,1,0
BRDA:80,9,2,0
BRDA:90,10,0,0
BRDA:90,10,1,0
BRDA:93,11,0,0
BRDA:93,11,1,0
BRDA:94,12,0,0
BRDA:94,12,1,0
BRDA:116,13,0,23
BRDA:116,13,1,11
BRDA:116,13,2,9
BRDA:118,14,0,0
BRDA:118,14,1,23
BRDA:118,15,0,23
BRDA:118,15,1,11
BRDA:119,16,0,3
BRDA:119,16,1,20
BRDA:124,17,0,0
BRDA:124,17,1,2
BRDA:124,18,0,2
BRDA:124,18,1,2
BRDA:126,19,0,1
BRDA:126,19,1,1
BRDA:126,20,0,2
BRDA:126,20,1,1
BRDA:127,21,0,1
BRDA:127,21,1,0
BRDA:139,22,0,0
BRDA:139,22,1,0
BRDA:145,23,0,0
BRDA:145,23,1,1
BRF:49
BRH:23
end_of_record
TN:
SF:src/hooks/useFiles.ts
FN:14,(anonymous_0)
FN:19,(anonymous_1)
FN:23,fetchFiles
FN:29,fetchFileContent
FN:37,saveFileContent
FN:46,useFiles
FN:49,(anonymous_6)
FN:54,useFileContent
FN:57,(anonymous_8)
FN:63,useSaveFile
FN:67,(anonymous_10)
FN:69,(anonymous_11)
FNF:12
FNH:12
FNDA:25,(anonymous_0)
FNDA:30,(anonymous_1)
FNDA:6,fetchFiles
FNDA:8,fetchFileContent
FNDA:3,saveFileContent
FNDA:25,useFiles
FNDA:6,(anonymous_6)
FNDA:27,useFileContent
FNDA:8,(anonymous_8)
FNDA:25,useSaveFile
FNDA:3,(anonymous_10)
FNDA:3,(anonymous_11)
DA:12,2
DA:14,25
DA:19,30
DA:24,6
DA:25,6
DA:26,6
DA:30,8
DA:31,8
DA:34,8
DA:38,3
DA:39,3
DA:42,3
DA:47,25
DA:49,6
DA:55,27
DA:57,8
DA:64,25
DA:66,25
DA:68,3
DA:70,3
LF:20
LH:20
BRDA:24,0,0,0
BRDA:24,0,1,6
BRDA:26,1,0,6
BRDA:26,1,1,0
BRDA:31,2,0,2
BRDA:31,2,1,6
BRDA:39,3,0,1
BRDA:39,3,1,2
BRDA:56,4,0,27
BRDA:56,4,1,10
BRF:10
BRH:8
end_of_record
TN:
SF:src/hooks/useHealth.ts
FN:12,fetchHealth
FN:16,useHealth
FNF:2
FNH:2
FNDA:1,fetchHealth
FNDA:2,useHealth
DA:13,1
DA:17,2
LF:2
LH:2
BRF:0
BRH:0
end_of_record
TN:
SF:src/hooks/useLiveFeed.ts
FN:22,(anonymous_0)
FN:26,isFeedSession
FN:35,useLiveFeed
FN:39,(anonymous_3)
FN:40,(anonymous_4)
FN:47,(anonymous_5)
FN:49,(anonymous_6)
FN:58,(anonymous_7)
FN:90,(anonymous_8)
FN:91,(anonymous_9)
FNF:10
FNH:10
FNDA:3,(anonymous_0)
FNDA:4,isFeedSession
FNDA:3,useLiveFeed
FNDA:4,(anonymous_3)
FNDA:4,(anonymous_4)
FNDA:1,(anonymous_5)
FNDA:2,(anonymous_6)
FNDA:3,(anonymous_7)
FNDA:3,(anonymous_8)
FNDA:1,(anonymous_9)
DA:20,1
DA:23,3
DA:27,4
DA:36,3
DA:39,4
DA:40,4
DA:42,3
DA:48,1
DA:50,2
DA:54,2
DA:58,2
DA:59,3
DA:60,3
DA:64,3
DA:66,3
DA:70,3
DA:88,1
DA:90,3
DA:91,1
LF:19
LH:19
BRDA:28,0,0,4
BRDA:28,0,1,4
BRDA:28,0,2,4
BRDA:28,0,3,4
BRDA:36,1,0,3
BRDA:36,1,1,0
BRDA:40,2,0,4
BRDA:40,2,1,0
BRDA:54,3,0,2
BRDA:54,3,1,0
BRDA:59,4,0,3
BRDA:59,4,1,0
BRDA:60,5,0,2
BRDA:60,5,1,1
BRDA:64,6,0,3
BRDA:64,6,1,0
BRDA:66,7,0,1
BRDA:66,7,1,2
BRDA:66,8,0,3
BRDA:66,8,1,2
BRDA:74,9,0,3
BRDA:74,9,1,2
BRDA:74,9,2,0
BRDA:77,10,0,3
BRDA:77,10,1,0
BRDA:79,11,0,3
BRDA:79,11,1,0
BRDA:80,12,0,3
BRDA:80,12,1,0
BRF:29
BRH:20
end_of_record
TN:
SF:src/hooks/useLogRotation.ts
FN:43,useLogRotationStatus
FN:46,(anonymous_1)
FN:52,useRunLogRotationDryRun
FN:54,(anonymous_3)
FN:58,useRunLogRotationNow
FN:62,(anonymous_5)
FN:63,(anonymous_6)
FNF:7
FNH:7
FNDA:2,useLogRotationStatus
FNDA:1,(anonymous_1)
FNDA:2,useRunLogRotationDryRun
FNDA:1,(anonymous_3)
FNDA:2,useRunLogRotationNow
FNDA:1,(anonymous_5)
FNDA:1,(anonymous_6)
DA:39,1
DA:44,2
DA:46,1
DA:53,2
DA:54,1
DA:59,2
DA:61,2
DA:62,1
DA:64,1
LF:9
LH:9
BRDA:43,0,0,2
BRF:1
BRH:1
end_of_record
TN:
SF:src/hooks/useLogs.ts
FN:19,(anonymous_0)
FN:20,(anonymous_1)
FN:29,isLogFile
FN:38,fetchLogFiles
FN:49,fetchLogContent
FN:57,useLogFiles
FN:61,(anonymous_6)
FN:66,useLogContent
FN:69,(anonymous_8)
FNF:9
FNH:9
FNDA:2,(anonymous_0)
FNDA:3,(anonymous_1)
FNDA:3,isLogFile
FNDA:1,fetchLogFiles
FNDA:1,fetchLogContent
FNDA:2,useLogFiles
FNDA:1,(anonymous_6)
FNDA:3,useLogContent
FNDA:1,(anonymous_8)
DA:15,1
DA:18,1
DA:19,2
DA:20,3
DA:30,3
DA:39,1
DA:40,1
DA:42,1
DA:43,1
DA:46,1
DA:50,1
DA:53,1
DA:58,2
DA:61,1
DA:67,3
DA:69,1
LF:16
LH:16
BRDA:31,0,0,3
BRDA:31,0,1,2
BRDA:31,0,2,2
BRDA:31,0,3,2
BRDA:40,1,0,1
BRDA:40,1,1,0
BRDA:42,2,0,1
BRDA:42,2,1,0
BRDA:53,3,0,1
BRDA:53,3,1,0
BRDA:66,4,0,3
BRDA:68,5,0,3
BRDA:68,5,1,1
BRDA:70,6,0,3
BRDA:70,6,1,3
BRF:15
BRH:12
end_of_record
TN:
SF:src/hooks/useMetrics.ts
FN:50,fetchMetrics
FN:54,useMetrics
FNF:2
FNH:2
FNDA:1,fetchMetrics
FNDA:2,useMetrics
DA:51,1
DA:55,2
LF:2
LH:2
BRDA:54,0,0,2
BRF:1
BRH:1
end_of_record
TN:
SF:src/hooks/useMoltbook.ts
FN:50,(anonymous_0)
FN:51,(anonymous_1)
FN:56,(anonymous_2)
FN:57,(anonymous_3)
FN:60,transformPost
FN:86,useMoltbookHome
FN:90,useMoltbookFeed
FN:94,useMoltbookProfile
FN:98,useMoltbookMyContent
FN:102,useMoltbookData
FN:123,(anonymous_10)
FNF:11
FNH:6
FNDA:0,(anonymous_0)
FNDA:0,(anonymous_1)
FNDA:0,(anonymous_2)
FNDA:0,(anonymous_3)
FNDA:1,transformPost
FNDA:3,useMoltbookHome
FNDA:3,useMoltbookFeed
FNDA:3,useMoltbookProfile
FNDA:3,useMoltbookMyContent
FNDA:2,useMoltbookData
FNDA:0,(anonymous_10)
DA:49,1
DA:50,0
DA:51,0
DA:56,0
DA:57,0
DA:61,1
DA:87,3
DA:91,3
DA:95,3
DA:99,3
DA:103,2
DA:104,2
DA:105,2
DA:106,2
DA:109,2
DA:110,2
DA:112,2
DA:124,0
DA:125,0
DA:126,0
DA:127,0
LF:21
LH:13
BRDA:62,0,0,1
BRDA:62,0,1,0
BRDA:64,1,0,1
BRDA:64,1,1,0
BRDA:64,1,2,0
BRDA:67,2,0,1
BRDA:67,2,1,0
BRDA:67,2,2,0
BRDA:77,3,0,1
BRDA:77,3,1,0
BRDA:78,4,0,1
BRDA:78,4,1,1
BRDA:79,5,0,1
BRDA:79,5,1,0
BRDA:90,6,0,3
BRDA:102,7,0,2
BRDA:109,8,0,2
BRDA:109,8,1,1
BRDA:109,8,2,1
BRDA:109,8,3,1
BRDA:110,9,0,2
BRDA:110,9,1,2
BRDA:110,9,2,2
BRDA:110,9,3,2
BRDA:115,10,0,2
BRDA:115,10,1,1
BRDA:116,11,0,2
BRDA:116,11,1,1
BRDA:118,12,0,2
BRDA:118,12,1,1
BRDA:119,13,0,2
BRDA:119,13,1,1
BRDA:122,14,0,2
BRDA:122,14,1,2
BRF:34
BRH:27
end_of_record
TN:
SF:src/hooks/useNotifications.ts
FN:34,fetchNotifications
FN:38,useNotifications
FN:47,useCreateNotification
FN:51,(anonymous_3)
FN:53,(anonymous_4)
FN:59,useMarkNotificationRead
FN:63,(anonymous_6)
FN:64,(anonymous_7)
FN:70,useMarkAllNotificationsRead
FN:74,(anonymous_9)
FN:75,(anonymous_10)
FN:81,useClearReadNotifications
FN:85,(anonymous_12)
FN:87,(anonymous_13)
FN:93,useDeleteNotification
FN:97,(anonymous_15)
FN:99,(anonymous_16)
FNF:17
FNH:17
FNDA:1,fetchNotifications
FNDA:2,useNotifications
FNDA:2,useCreateNotification
FNDA:1,(anonymous_3)
FNDA:1,(anonymous_4)
FNDA:2,useMarkNotificationRead
FNDA:1,(anonymous_6)
FNDA:1,(anonymous_7)
FNDA:2,useMarkAllNotificationsRead
FNDA:1,(anonymous_9)
FNDA:1,(anonymous_10)
FNDA:2,useClearReadNotifications
FNDA:1,(anonymous_12)
FNDA:1,(anonymous_13)
FNDA:1,useDeleteNotification
FNDA:1,(anonymous_15)
FNDA:1,(anonymous_16)
DA:35,1
DA:39,2
DA:48,2
DA:50,2
DA:51,1
DA:54,1
DA:60,2
DA:62,2
DA:63,1
DA:65,1
DA:71,2
DA:73,2
DA:74,1
DA:76,1
DA:82,2
DA:84,2
DA:85,1
DA:88,1
DA:94,1
DA:96,1
DA:97,1
DA:100,1
LF:22
LH:22
BRDA:38,0,0,2
BRF:1
BRH:1
end_of_record
TN:
SF:src/hooks/useOpenClawSocket.ts
FN:31,OpenClawSocketProvider
FN:40,(anonymous_1)
FN:49,(anonymous_2)
FN:52,(anonymous_3)
FN:53,(anonymous_4)
FN:55,(anonymous_5)
FN:58,(anonymous_6)
FN:61,(anonymous_7)
FN:80,(anonymous_8)
FN:86,(anonymous_9)
FN:97,(anonymous_10)
FN:106,(anonymous_11)
FN:111,(anonymous_12)
FN:117,(anonymous_13)
FN:128,(anonymous_14)
FN:131,(anonymous_15)
FN:136,(anonymous_16)
FN:146,(anonymous_17)
FN:153,(anonymous_18)
FN:160,(anonymous_19)
FN:161,(anonymous_20)
FN:168,(anonymous_21)
FN:170,(anonymous_22)
FN:197,useOpenClawSocket
FN:206,(anonymous_24)
FN:212,(anonymous_25)
FNF:26
FNH:13
FNDA:3,OpenClawSocketProvider
FNDA:0,(anonymous_1)
FNDA:0,(anonymous_2)
FNDA:0,(anonymous_3)
FNDA:0,(anonymous_4)
FNDA:0,(anonymous_5)
FNDA:0,(anonymous_6)
FNDA:0,(anonymous_7)
FNDA:3,(anonymous_8)
FNDA:1,(anonymous_9)
FNDA:3,(anonymous_10)
FNDA:3,(anonymous_11)
FNDA:0,(anonymous_12)
FNDA:0,(anonymous_13)
FNDA:0,(anonymous_14)
FNDA:3,(anonymous_15)
FNDA:0,(anonymous_16)
FNDA:0,(anonymous_17)
FNDA:0,(anonymous_18)
FNDA:3,(anonymous_19)
FNDA:3,(anonymous_20)
FNDA:1,(anonymous_21)
FNDA:1,(anonymous_22)
FNDA:5,useOpenClawSocket
FNDA:3,(anonymous_24)
FNDA:3,(anonymous_25)
DA:29,1
DA:32,3
DA:33,3
DA:34,3
DA:36,3
DA:37,3
DA:38,3
DA:40,3
DA:41,0
DA:42,0
DA:43,0
DA:46,0
DA:47,0
DA:50,0
DA:51,0
DA:52,0
DA:53,0
DA:56,0
DA:59,0
DA:62,0
DA:63,0
DA:64,0
DA:65,0
DA:67,0
DA:68,0
DA:71,0
DA:77,0
DA:80,3
DA:81,3
DA:82,3
DA:83,3
DA:86,3
DA:90,1
DA:91,1
DA:94,0
DA:97,3
DA:98,3
DA:99,0
DA:101,3
DA:102,3
DA:106,3
DA:107,3
DA:108,3
DA:111,0
DA:112,0
DA:113,0
DA:116,0
DA:117,0
DA:118,0
DA:119,0
DA:122,0
DA:123,0
DA:124,0
DA:128,0
DA:131,3
DA:132,3
DA:133,3
DA:136,0
DA:137,0
DA:138,0
DA:141,0
DA:142,0
DA:143,0
DA:146,0
DA:149,0
DA:150,0
DA:151,0
DA:153,0
DA:154,0
DA:155,0
DA:156,0
DA:160,3
DA:161,3
DA:162,3
DA:163,0
DA:168,3
DA:169,1
DA:170,1
DA:171,1
DA:175,3
DA:198,5
DA:200,5
DA:201,2
DA:204,3
DA:206,5
DA:207,3
DA:208,0
DA:212,5
DA:213,3
DA:214,3
DA:218,5
LF:91
LH:43
BRDA:41,0,0,0
BRDA:41,0,1,0
BRDA:46,1,0,0
BRDA:46,1,1,0
BRDA:64,2,0,0
BRDA:64,2,1,0
BRDA:90,3,0,1
BRDA:90,3,1,0
BRDA:98,4,0,0
BRDA:98,4,1,3
BRDA:107,5,0,3
BRDA:107,5,1,0
BRDA:112,6,0,0
BRDA:112,6,1,0
BRDA:118,7,0,0
BRDA:118,7,1,0
BRDA:132,8,0,3
BRDA:132,8,1,0
BRDA:137,9,0,0
BRDA:137,9,1,0
BRDA:141,10,0,0
BRDA:141,10,1,0
BRDA:162,11,0,0
BRDA:162,11,1,3
BRDA:200,12,0,2
BRDA:200,12,1,3
BRDA:204,13,0,3
BRDA:204,13,1,3
BRDA:207,14,0,0
BRDA:207,14,1,3
BRDA:213,15,0,3
BRDA:213,15,1,0
BRF:32
BRH:11
end_of_record
TN:
SF:src/hooks/useOpsActions.ts
FN:101,useStartOpsAction
FN:103,(anonymous_1)
FN:108,useExecJob
FN:111,(anonymous_3)
FN:113,(anonymous_4)
FNF:5
FNH:5
FNDA:2,useStartOpsAction
FNDA:1,(anonymous_1)
FNDA:3,useExecJob
FNDA:1,(anonymous_3)
FNDA:9,(anonymous_4)
DA:37,1
DA:102,2
DA:103,1
DA:109,3
DA:111,1
DA:114,9
DA:115,9
LF:7
LH:7
BRDA:115,0,0,2
BRDA:115,0,1,7
BRF:2
BRH:2
end_of_record
TN:
SF:src/hooks/usePullRequests.ts
FN:84,(anonymous_0)
FN:85,(anonymous_1)
FN:86,(anonymous_2)
FN:89,fetchPullRequests
FN:94,fetchDeployments
FN:99,fetchProductionCheckout
FN:106,approvePullRequest
FN:115,rejectPullRequest
FN:124,deployDashboard
FN:128,usePullRequests
FN:137,usePullRequestDeployments
FN:146,useProductionCheckout
FN:155,useApprovePullRequest
FN:159,(anonymous_13)
FN:161,(anonymous_14)
FN:173,useRejectPullRequest
FN:177,(anonymous_16)
FN:179,(anonymous_17)
FN:185,useDeployDashboard
FN:190,(anonymous_19)
FNF:20
FNH:20
FNDA:5,(anonymous_0)
FNDA:5,(anonymous_1)
FNDA:5,(anonymous_2)
FNDA:1,fetchPullRequests
FNDA:1,fetchDeployments
FNDA:1,fetchProductionCheckout
FNDA:1,approvePullRequest
FNDA:1,rejectPullRequest
FNDA:1,deployDashboard
FNDA:2,usePullRequests
FNDA:2,usePullRequestDeployments
FNDA:2,useProductionCheckout
FNDA:1,useApprovePullRequest
FNDA:1,(anonymous_13)
FNDA:1,(anonymous_14)
FNDA:1,useRejectPullRequest
FNDA:1,(anonymous_16)
FNDA:1,(anonymous_17)
FNDA:1,useDeployDashboard
FNDA:1,(anonymous_19)
DA:82,1
DA:84,5
DA:85,5
DA:86,5
DA:90,1
DA:91,1
DA:95,1
DA:96,1
DA:100,1
DA:103,1
DA:110,1
DA:119,1
DA:125,1
DA:129,2
DA:138,2
DA:147,2
DA:156,1
DA:158,1
DA:160,1
DA:162,1
DA:163,1
DA:166,1
DA:174,1
DA:176,1
DA:178,1
DA:180,1
DA:186,1
DA:188,1
DA:191,1
DA:194,1
LF:30
LH:30
BRF:0
BRH:0
end_of_record
TN:
SF:src/hooks/useQuotas.ts
FN:88,useQuotas
FN:97,hasQuotaStatus
FNF:2
FNH:2
FNDA:2,useQuotas
FNDA:5,hasQuotaStatus
DA:89,2
DA:91,2
DA:98,5
LF:3
LH:3
BRDA:88,0,0,2
BRDA:99,1,0,5
BRDA:99,1,1,5
BRDA:99,1,2,4
BRDA:99,1,3,3
BRDA:99,1,4,2
BRF:6
BRH:6
end_of_record
TN:
SF:src/hooks/useSessionActions.ts
FN:3,useSessionActions
FN:7,(anonymous_1)
FN:11,(anonymous_2)
FN:15,(anonymous_3)
FN:19,(anonymous_4)
FNF:5
FNH:5
FNDA:2,useSessionActions
FNDA:1,(anonymous_1)
FNDA:1,(anonymous_2)
FNDA:1,(anonymous_3)
FNDA:1,(anonymous_4)
DA:4,2
DA:5,2
DA:7,2
DA:8,1
DA:11,2
DA:12,1
DA:15,2
DA:16,1
DA:19,2
DA:20,1
DA:23,2
LF:11
LH:11
BRF:0
BRH:0
end_of_record
TN:
SF:src/hooks/useSessions.ts
FN:17,(anonymous_0)
FN:24,fetchSessionHistory
FN:39,sessionAction
FN:46,deleteSessionRequest
FN:50,useSessionHistory
FN:53,(anonymous_5)
FN:56,(anonymous_6)
FN:63,useSessionAction
FN:65,(anonymous_8)
FN:75,useDeleteSession
FN:78,(anonymous_10)
FNF:11
FNH:10
FNDA:0,(anonymous_0)
FNDA:1,fetchSessionHistory
FNDA:4,sessionAction
FNDA:2,deleteSessionRequest
FNDA:2,useSessionHistory
FNDA:1,(anonymous_5)
FNDA:2,(anonymous_6)
FNDA:3,useSessionAction
FNDA:4,(anonymous_8)
FNDA:3,useDeleteSession
FNDA:2,(anonymous_10)
DA:15,2
DA:17,0
DA:29,1
DA:33,1
DA:43,4
DA:47,2
DA:51,2
DA:53,1
DA:57,2
DA:64,3
DA:71,4
DA:76,3
DA:79,2
LF:13
LH:12
BRDA:26,0,0,1
BRDA:27,1,0,1
BRDA:35,2,0,0
BRDA:35,2,1,1
BRDA:50,3,0,2
BRDA:53,4,0,1
BRDA:57,5,0,2
BRDA:57,5,1,0
BRDA:57,6,0,2
BRDA:57,6,1,0
BRF:10
BRH:7
end_of_record
TN:
SF:src/hooks/useTasks.ts
FN:10,(anonymous_0)
FN:11,(anonymous_1)
FN:14,fetchTasks
FN:18,createTask
FN:28,updateTask
FN:46,moveTask
FN:50,assignTask
FN:54,deleteTask
FN:58,fetchTaskUpdates
FN:62,createTaskUpdate
FN:70,updateTaskUpdate
FN:82,deleteTaskUpdate
FN:86,useTasks
FN:95,useCreateTask
FN:99,(anonymous_14)
FN:115,(anonymous_15)
FN:121,useUpdateTask
FN:125,(anonymous_17)
FN:140,(anonymous_18)
FN:146,useMoveTask
FN:150,(anonymous_20)
FN:152,(anonymous_21)
FN:158,useAssignTask
FN:162,(anonymous_23)
FN:169,(anonymous_24)
FN:175,useDeleteTask
FN:179,(anonymous_26)
FN:180,(anonymous_27)
FN:186,useTaskUpdates
FN:189,(anonymous_29)
FN:196,useCreateTaskUpdate
FN:200,(anonymous_31)
FN:209,(anonymous_32)
FN:218,useUpdateTaskUpdate
FN:222,(anonymous_34)
FN:233,(anonymous_35)
FN:242,useDeleteTaskUpdate
FN:246,(anonymous_37)
FN:248,(anonymous_38)
FNF:39
FNH:39
FNDA:12,(anonymous_0)
FNDA:6,(anonymous_1)
FNDA:1,fetchTasks
FNDA:1,createTask
FNDA:1,updateTask
FNDA:1,moveTask
FNDA:1,assignTask
FNDA:1,deleteTask
FNDA:1,fetchTaskUpdates
FNDA:1,createTaskUpdate
FNDA:1,updateTaskUpdate
FNDA:1,deleteTaskUpdate
FNDA:2,useTasks
FNDA:1,useCreateTask
FNDA:1,(anonymous_14)
FNDA:1,(anonymous_15)
FNDA:1,useUpdateTask
FNDA:1,(anonymous_17)
FNDA:1,(anonymous_18)
FNDA:1,useMoveTask
FNDA:1,(anonymous_20)
FNDA:1,(anonymous_21)
FNDA:1,useAssignTask
FNDA:1,(anonymous_23)
FNDA:1,(anonymous_24)
FNDA:1,useDeleteTask
FNDA:1,(anonymous_26)
FNDA:1,(anonymous_27)
FNDA:3,useTaskUpdates
FNDA:1,(anonymous_29)
FNDA:2,useCreateTaskUpdate
FNDA:1,(anonymous_31)
FNDA:1,(anonymous_32)
FNDA:2,useUpdateTaskUpdate
FNDA:1,(anonymous_34)
FNDA:1,(anonymous_35)
FNDA:2,useDeleteTaskUpdate
FNDA:1,(anonymous_37)
FNDA:1,(anonymous_38)
DA:8,1
DA:10,12
DA:11,6
DA:15,1
DA:25,1
DA:40,1
DA:47,1
DA:51,1
DA:55,1
DA:59,1
DA:67,1
DA:76,1
DA:83,1
DA:87,2
DA:96,1
DA:98,1
DA:114,1
DA:116,1
DA:122,1
DA:124,1
DA:139,1
DA:141,1
DA:147,1
DA:149,1
DA:151,1
DA:153,1
DA:159,1
DA:161,1
DA:168,1
DA:170,1
DA:176,1
DA:178,1
DA:179,1
DA:181,1
DA:187,3
DA:189,1
DA:197,2
DA:199,2
DA:208,1
DA:210,1
DA:213,1
DA:219,2
DA:221,2
DA:232,1
DA:234,1
DA:237,1
DA:243,2
DA:245,2
DA:247,1
DA:249,1
DA:252,1
LF:51
LH:51
BRDA:188,0,0,2
BRDA:188,0,1,1
BRF:2
BRH:2
end_of_record
TN:
SF:src/hooks/useTerminal.ts
FN:22,(anonymous_0)
FN:26,useStartTerminalCommand
FN:30,(anonymous_2)
FN:32,(anonymous_3)
FN:38,useTerminalJob
FN:41,(anonymous_5)
FN:43,(anonymous_6)
FN:75,getCompletions
FN:88,changeDirectory
FN:92,stopTerminalJob
FN:96,useTerminalHistory
FN:99,(anonymous_11)
FN:101,(anonymous_12)
FN:105,(anonymous_13)
FN:106,(anonymous_14)
FN:107,(anonymous_15)
FN:111,(anonymous_16)
FNF:17
FNH:17
FNDA:3,(anonymous_0)
FNDA:2,useStartTerminalCommand
FNDA:1,(anonymous_2)
FNDA:1,(anonymous_3)
FNDA:3,useTerminalJob
FNDA:1,(anonymous_5)
FNDA:9,(anonymous_6)
FNDA:1,getCompletions
FNDA:1,changeDirectory
FNDA:1,stopTerminalJob
FNDA:4,useTerminalHistory
FNDA:1,(anonymous_11)
FNDA:1,(anonymous_12)
FNDA:1,(anonymous_13)
FNDA:1,(anonymous_14)
FNDA:1,(anonymous_15)
FNDA:1,(anonymous_16)
DA:21,1
DA:22,3
DA:27,2
DA:29,2
DA:30,1
DA:33,1
DA:39,3
DA:41,1
DA:44,9
DA:45,9
DA:79,1
DA:89,1
DA:93,1
DA:97,4
DA:99,4
DA:100,1
DA:101,1
DA:102,1
DA:105,4
DA:106,1
DA:107,1
DA:111,4
DA:112,1
DA:115,4
LF:24
LH:24
BRDA:45,0,0,2
BRDA:45,0,1,7
BRDA:107,1,0,1
BRDA:107,1,1,0
BRF:4
BRH:3
end_of_record
TN:
SF:src/hooks/useWeather.ts
FN:21,useWeather
FNF:1
FNH:1
FNDA:2,useWeather
DA:22,2
DA:24,2
LF:2
LH:2
BRDA:21,0,0,2
BRF:1
BRH:1
end_of_record
TN:
SF:src/utils/cn.ts
FN:4,cn
FNF:1
FNH:1
FNDA:64,cn
DA:5,64
LF:1
LH:1
BRF:0
BRH:0
end_of_record
TN:
SF:src/utils/cronUtils.ts
FN:4,getCronJobId
FN:8,getCronJobName
FN:12,sortCronJobs
FN:13,(anonymous_3)
FN:24,getCronStateValue
FN:33,formatCronTimestamp
FN:41,formatCronLastStatus
FN:49,getCronStatusVariant
FNF:8
FNH:8
FNDA:4,getCronJobId
FNDA:11,getCronJobName
FNDA:1,sortCronJobs
FNDA:3,(anonymous_3)
FNDA:3,getCronStateValue
FNDA:2,formatCronTimestamp
FNDA:3,formatCronLastStatus
FNDA:6,getCronStatusVariant
DA:5,4
DA:9,11
DA:13,1
DA:14,3
DA:15,3
DA:16,3
DA:17,2
DA:20,1
DA:25,3
DA:26,3
DA:27,2
DA:30,1
DA:34,2
DA:35,1
DA:38,1
DA:42,3
DA:43,2
DA:46,1
DA:52,6
DA:53,6
DA:54,2
DA:57,4
DA:58,1
DA:61,3
DA:62,2
DA:65,1
LF:26
LH:26
BRDA:5,0,0,4
BRDA:5,0,1,2
BRDA:5,0,2,1
BRDA:9,1,0,11
BRDA:9,1,1,2
BRDA:9,1,2,1
BRDA:14,2,0,0
BRDA:14,2,1,3
BRDA:15,3,0,2
BRDA:15,3,1,1
BRDA:16,4,0,2
BRDA:16,4,1,1
BRDA:26,5,0,2
BRDA:26,5,1,1
BRDA:26,6,0,3
BRDA:26,6,1,1
BRDA:34,7,0,1
BRDA:34,7,1,1
BRDA:42,8,0,2
BRDA:42,8,1,1
BRDA:42,9,0,3
BRDA:42,9,1,2
BRDA:53,10,0,2
BRDA:53,10,1,4
BRDA:53,11,0,6
BRDA:53,11,1,5
BRDA:57,12,0,1
BRDA:57,12,1,3
BRDA:61,13,0,2
BRDA:61,13,1,1
BRDA:61,14,0,3
BRDA:61,14,1,2
BRF:32
BRH:31
end_of_record
TN:
SF:src/utils/fileUtils.ts
FN:3,getFileExtension
FN:8,isMarkdownFile
FN:13,isJsonFile
FN:18,isCodeFile
FN:51,getLanguage
FN:93,isImageFile
FN:98,isBinaryFile
FN:127,getSyntaxClass
FNF:8
FNH:8
FNDA:41,getFileExtension
FNDA:2,isMarkdownFile
FNDA:12,isJsonFile
FNDA:3,isCodeFile
FNDA:4,getLanguage
FNDA:1,isImageFile
FNDA:2,isBinaryFile
FNDA:3,getSyntaxClass
DA:4,41
DA:5,41
DA:9,2
DA:10,2
DA:14,12
DA:15,12
DA:19,3
DA:20,3
DA:48,3
DA:52,4
DA:53,4
DA:90,4
DA:94,1
DA:95,1
DA:99,2
DA:100,2
DA:124,2
DA:128,3
DA:129,3
DA:146,3
LF:20
LH:20
BRDA:5,0,0,40
BRDA:5,0,1,1
BRDA:10,1,0,2
BRDA:10,1,1,1
BRDA:15,2,0,12
BRDA:15,2,1,3
BRDA:90,3,0,4
BRDA:90,3,1,1
BRDA:146,4,0,3
BRDA:146,4,1,1
BRF:10
BRH:10
end_of_record
TN:
SF:src/utils/format.ts
FN:7,formatDate
FN:16,formatDateStamp
FN:24,formatOsloTime
FN:32,formatOsloDate
FN:40,formatWeekdayShort
FN:48,formatDuration
FN:61,formatUptime
FN:71,formatSize
FN:77,formatLoad
FN:78,(anonymous_9)
FN:82,formatTokens
FN:86,formatTokenCount
FN:92,getTokenPercent
FNF:13
FNH:13
FNDA:2,formatDate
FNDA:1,formatDateStamp
FNDA:2,formatOsloTime
FNDA:1,formatOsloDate
FNDA:1,formatWeekdayShort
FNDA:3,formatDuration
FNDA:3,formatUptime
FNDA:3,formatSize
FNDA:1,formatLoad
FNDA:3,(anonymous_9)
FNDA:1,formatTokens
FNDA:3,formatTokenCount
FNDA:5,getTokenPercent
DA:4,6
DA:8,2
DA:9,2
DA:10,2
DA:12,0
DA:17,1
DA:18,1
DA:20,0
DA:25,2
DA:26,2
DA:28,0
DA:33,1
DA:34,1
DA:36,0
DA:41,1
DA:42,1
DA:44,0
DA:49,3
DA:50,1
DA:51,1
DA:56,0
DA:62,3
DA:63,3
DA:64,3
DA:66,3
DA:67,2
DA:68,1
DA:72,3
DA:73,2
DA:74,1
DA:78,3
DA:83,1
DA:87,3
DA:88,2
DA:89,1
DA:93,5
DA:94,2
LF:37
LH:31
BRDA:9,0,0,1
BRDA:9,0,1,1
BRDA:16,1,0,1
BRDA:49,2,0,2
BRDA:49,2,1,1
BRDA:49,3,0,3
BRDA:49,3,1,2
BRDA:66,4,0,1
BRDA:66,4,1,2
BRDA:67,5,0,1
BRDA:67,5,1,1
BRDA:72,6,0,1
BRDA:72,6,1,2
BRDA:73,7,0,1
BRDA:73,7,1,1
BRDA:87,8,0,1
BRDA:87,8,1,2
BRDA:88,9,0,1
BRDA:88,9,1,1
BRDA:93,10,0,3
BRDA:93,10,1,2
BRDA:93,11,0,5
BRDA:93,11,1,4
BRDA:93,11,2,3
BRF:24
BRH:24
end_of_record
TN:
SF:src/utils/json.ts
FN:8,validateJsonString
FNF:1
FNH:1
FNDA:3,validateJsonString
DA:12,3
DA:13,3
DA:14,1
DA:16,2
DA:18,2
DA:20,1
LF:6
LH:6
BRDA:10,0,0,3
BRDA:13,1,0,1
BRDA:13,1,1,2
BRDA:23,2,0,1
BRDA:23,2,1,0
BRDA:25,3,0,0
BRDA:25,3,1,0
BRF:7
BRH:4
end_of_record
TN:
SF:src/utils/logUtils.ts
FN:10,safeJsonParse
FN:18,stringifyCompact
FN:30,normalizeSubsystemCandidate
FN:34,extractSubsystemAndMessage
FN:54,normalizeStructuredMessage
FN:133,buildDedupeKey
FN:149,parseLogLine
FN:215,formatLogTime
FN:224,getLevelColor
FN:251,getSubsystemColor
FNF:10
FNH:8
FNDA:0,safeJsonParse
FNDA:0,stringifyCompact
FNDA:3,normalizeSubsystemCandidate
FNDA:3,extractSubsystemAndMessage
FNDA:1,normalizeStructuredMessage
FNDA:3,buildDedupeKey
FNDA:5,parseLogLine
FNDA:2,formatLogTime
FNDA:4,getLevelColor
FNDA:3,getSubsystemColor
DA:4,2
DA:6,2
DA:8,2
DA:11,0
DA:12,0
DA:14,0
DA:19,0
DA:20,0
DA:23,0
DA:24,0
DA:26,0
DA:31,3
DA:35,3
DA:36,3
DA:37,1
DA:43,2
DA:44,2
DA:45,2
DA:51,0
DA:58,1
DA:59,1
DA:60,1
DA:62,1
DA:63,1
DA:65,1
DA:66,0
DA:68,0
DA:69,0
DA:70,0
DA:71,0
DA:72,0
DA:80,0
DA:84,0
DA:85,0
DA:86,0
DA:87,0
DA:88,0
DA:89,0
DA:92,0
DA:95,0
DA:97,1
DA:98,0
DA:101,1
DA:102,0
DA:103,1
DA:104,0
DA:107,1
DA:108,0
DA:111,1
DA:112,1
DA:113,1
DA:114,1
DA:115,0
DA:116,0
DA:120,1
DA:121,0
DA:124,1
DA:125,1
DA:126,1
DA:127,1
DA:130,1
DA:139,3
DA:150,5
DA:152,3
DA:154,3
DA:155,2
DA:156,2
DA:157,0
DA:161,3
DA:162,3
DA:164,3
DA:170,5
DA:174,5
DA:175,5
DA:176,0
DA:179,1
DA:185,1
DA:187,5
DA:197,2
DA:198,2
DA:199,2
DA:204,2
DA:205,2
DA:216,2
DA:217,1
DA:218,1
DA:220,0
DA:225,4
DA:226,4
DA:228,1
DA:231,0
DA:234,1
DA:237,0
DA:240,1
DA:243,0
DA:246,1
DA:252,3
DA:253,2
DA:254,2
DA:256,1
DA:259,0
DA:262,0
DA:265,0
DA:268,0
DA:271,0
DA:274,0
DA:277,0
DA:280,0
DA:283,1
LF:109
LH:64
BRDA:19,0,0,0
BRDA:19,0,1,0
BRDA:36,1,0,1
BRDA:36,1,1,2
BRDA:38,2,0,1
BRDA:38,2,1,0
BRDA:44,3,0,2
BRDA:44,3,1,0
BRDA:46,4,0,2
BRDA:46,4,1,0
BRDA:58,5,0,1
BRDA:58,5,1,1
BRDA:59,6,0,1
BRDA:59,6,1,1
BRDA:60,7,0,1
BRDA:60,7,1,1
BRDA:65,8,0,0
BRDA:65,8,1,1
BRDA:68,9,0,0
BRDA:68,9,1,0
BRDA:68,10,0,0
BRDA:68,10,1,0
BRDA:70,11,0,0
BRDA:70,11,1,0
BRDA:70,12,0,0
BRDA:70,12,1,0
BRDA:73,13,0,0
BRDA:73,13,1,0
BRDA:75,14,0,0
BRDA:75,14,1,0
BRDA:80,15,0,0
BRDA:80,15,1,0
BRDA:80,15,2,0
BRDA:80,15,3,0
BRDA:84,16,0,0
BRDA:84,16,1,0
BRDA:84,17,0,0
BRDA:84,17,1,0
BRDA:86,18,0,0
BRDA:86,18,1,0
BRDA:86,19,0,0
BRDA:86,19,1,0
BRDA:88,20,0,0
BRDA:88,20,1,0
BRDA:97,21,0,0
BRDA:97,21,1,1
BRDA:97,22,0,1
BRDA:97,22,1,0
BRDA:101,23,0,0
BRDA:101,23,1,1
BRDA:101,24,0,1
BRDA:101,24,1,1
BRDA:103,25,0,0
BRDA:103,25,1,1
BRDA:103,26,0,1
BRDA:103,26,1,1
BRDA:107,27,0,0
BRDA:107,27,1,1
BRDA:107,28,0,1
BRDA:107,28,1,1
BRDA:111,29,0,1
BRDA:111,29,1,0
BRDA:112,30,0,1
BRDA:112,30,1,0
BRDA:113,31,0,1
BRDA:113,31,1,0
BRDA:115,32,0,0
BRDA:115,32,1,0
BRDA:120,33,0,0
BRDA:120,33,1,1
BRDA:124,34,0,1
BRDA:124,34,1,0
BRDA:140,35,0,3
BRDA:140,35,1,2
BRDA:141,36,0,3
BRDA:141,36,1,2
BRDA:142,37,0,3
BRDA:142,37,1,0
BRDA:150,38,0,2
BRDA:150,38,1,3
BRDA:150,39,0,5
BRDA:150,39,1,4
BRDA:154,40,0,2
BRDA:154,40,1,1
BRDA:156,41,0,0
BRDA:156,41,1,2
BRDA:164,42,0,0
BRDA:164,42,1,1
BRDA:164,43,0,3
BRDA:164,43,1,0
BRDA:164,43,2,0
BRDA:167,44,0,0
BRDA:167,44,1,0
BRDA:168,45,0,1
BRDA:168,45,1,0
BRDA:168,45,2,0
BRDA:170,46,0,0
BRDA:170,46,1,1
BRDA:170,47,0,5
BRDA:170,47,1,0
BRDA:170,47,2,0
BRDA:171,48,0,0
BRDA:171,48,1,0
BRDA:172,49,0,1
BRDA:172,49,1,0
BRDA:172,49,2,0
BRDA:175,50,0,0
BRDA:175,50,1,5
BRDA:185,51,0,1
BRDA:185,51,1,0
BRDA:185,51,2,0
BRDA:185,52,0,5
BRDA:185,52,1,0
BRDA:198,53,0,2
BRDA:198,53,1,0
BRDA:204,54,0,2
BRDA:204,54,1,0
BRDA:204,55,0,2
BRDA:204,55,1,0
BRDA:216,56,0,1
BRDA:216,56,1,1
BRDA:225,57,0,4
BRDA:225,57,1,0
BRDA:226,58,0,1
BRDA:226,58,1,0
BRDA:226,58,2,1
BRDA:226,58,3,0
BRDA:226,58,4,1
BRDA:226,58,5,0
BRDA:226,58,6,1
BRDA:252,59,0,1
BRDA:252,59,1,2
BRDA:254,60,0,1
BRDA:254,60,1,0
BRDA:254,60,2,0
BRDA:254,60,3,0
BRDA:254,60,4,0
BRDA:254,60,5,0
BRDA:254,60,6,0
BRDA:254,60,7,0
BRDA:254,60,8,0
BRDA:254,60,9,1
BRF:142
BRH:63
end_of_record
TN:
SF:src/utils/moltbookUtils.ts
FN:6,formatTime
FN:10,truncate
FN:15,getMoltbookUrl
FNF:3
FNH:3
FNDA:1,formatTime
FNDA:2,truncate
FNDA:1,getMoltbookUrl
DA:4,1
DA:7,1
DA:11,2
DA:12,1
DA:16,1
LF:5
LH:5
BRDA:11,0,0,1
BRDA:11,0,1,1
BRF:2
BRH:2
end_of_record
TN:
SF:src/utils/sessionUtils.ts
FN:3,formatSessionType
FN:9,getTypeSortOrder
FN:30,getDefaultChatSortOrder
FN:38,sortSessionsByTypeAndActivity
FN:39,(anonymous_4)
FNF:5
FNH:5
FNDA:3,formatSessionType
FNDA:12,getTypeSortOrder
FNDA:10,getDefaultChatSortOrder
FNDA:1,sortSessionsByTypeAndActivity
FNDA:5,(anonymous_4)
DA:4,3
DA:5,3
DA:6,2
DA:10,12
DA:11,12
DA:13,5
DA:16,1
DA:19,1
DA:22,3
DA:25,2
DA:31,10
DA:32,2
DA:35,8
DA:39,1
DA:40,5
DA:41,5
DA:42,2
DA:45,3
DA:46,3
DA:47,2
DA:50,1
DA:54,1
LF:22
LH:22
BRDA:4,0,0,3
BRDA:4,0,1,1
BRDA:5,1,0,1
BRDA:5,1,1,2
BRDA:5,2,0,3
BRDA:5,2,1,1
BRDA:10,3,0,12
BRDA:10,3,1,1
BRDA:11,4,0,5
BRDA:11,4,1,1
BRDA:11,4,2,1
BRDA:11,4,3,3
BRDA:11,4,4,2
BRDA:31,5,0,2
BRDA:31,5,1,8
BRDA:41,6,0,2
BRDA:41,6,1,3
BRDA:46,7,0,2
BRDA:46,7,1,1
BRDA:50,8,0,1
BRDA:50,8,1,0
BRDA:50,9,0,5
BRDA:50,9,1,0
BRF:23
BRH:21
end_of_record
TN:
SF:src/utils/taskUtils.ts
FN:23,(anonymous_0)
FN:26,(anonymous_1)
FN:33,(anonymous_2)
FN:35,(anonymous_3)
FN:42,(anonymous_4)
FN:44,(anonymous_5)
FN:51,(anonymous_6)
FN:55,getPriority
FN:57,(anonymous_8)
FN:63,(anonymous_9)
FN:71,getColumnId
FN:81,(anonymous_11)
FN:83,(anonymous_12)
FNF:13
FNH:13
FNDA:4,(anonymous_0)
FNDA:1,(anonymous_1)
FNDA:4,(anonymous_2)
FNDA:2,(anonymous_3)
FNDA:4,(anonymous_4)
FNDA:2,(anonymous_5)
FNDA:4,(anonymous_6)
FNDA:6,getPriority
FNDA:5,(anonymous_8)
FNDA:3,(anonymous_9)
FNDA:25,getColumnId
FNDA:10,(anonymous_11)
FNDA:5,(anonymous_12)
DA:3,1
DA:17,1
DA:24,4
DA:26,1
DA:34,4
DA:35,2
DA:43,4
DA:44,2
DA:51,4
DA:56,6
DA:58,5
DA:61,2
DA:62,4
DA:64,3
DA:67,2
DA:68,2
DA:72,25
DA:73,5
DA:74,4
DA:76,1
DA:79,20
DA:80,20
DA:81,15
DA:82,5
DA:83,10
DA:84,5
DA:86,5
LF:27
LH:27
BRDA:24,0,0,4
BRDA:24,0,1,3
BRDA:24,0,2,2
BRDA:34,1,0,4
BRDA:34,1,1,3
BRDA:43,2,0,4
BRDA:43,2,1,3
BRDA:56,3,0,2
BRDA:56,3,1,4
BRDA:58,4,0,5
BRDA:58,4,1,4
BRDA:62,5,0,2
BRDA:62,5,1,2
BRDA:64,6,0,3
BRDA:64,6,1,2
BRDA:72,7,0,5
BRDA:72,7,1,20
BRDA:73,8,0,4
BRDA:73,8,1,1
BRDA:80,9,0,5
BRDA:80,9,1,15
BRDA:81,10,0,5
BRDA:81,10,1,10
BRDA:83,11,0,5
BRDA:83,11,1,5
BRF:25
BRH:25
end_of_record
TN:
SF:src/utils/websocket.ts
FN:5,getWebSocketUrl
FNF:1
FNH:1
FNDA:2,getWebSocketUrl
DA:6,2
DA:7,2
DA:8,2
DA:9,2
DA:12,2
DA:13,2
LF:6
LH:6
BRDA:6,0,0,1
BRDA:6,0,1,1
BRDA:8,1,0,2
BRDA:8,1,1,1
BRDA:12,2,0,1
BRDA:12,2,1,1
BRDA:12,3,0,1
BRDA:12,3,1,1
BRF:8
BRH:8
end_of_record
